


ARM Macro Assembler    Page 1 


    1 00000000                 AREA             ADDITION, CODE, READONLY
    2 00000000                 ENTRY
    3 00000000         START
    4 00000000 E3A00000        MOV              R0, #0
    5 00000004 E59F1024        LDR              R1, VALUE1
    6 00000008 E59F301C        LDR              R3, MASK
    7 0000000C E0011003        AND              R1, R1, R3
    8 00000010 E0810003        ADD              R0, R1, R3
    9 00000014 E59F2018        LDR              R2, VALUE2
   10 00000018 E0022003        AND              R2, R2, R3
   11 0000001C E0800002        ADD              R0, R0, R2
   12 00000020 E59F4010        LDR              R4, =RESULT
   13 00000024 E5840000        STR              R0, [R4]
   14 00000028 EAFFFFFE 
                       here    B                here
   15 0000002C         
   16 0000002C 0000FFFF 
                       MASK    DCD              0x0000FFFF
   17 00000030 AA AA   VALUE1  DCW              0xAAAA
   18 00000032 00 00           ALIGN
   19 00000034 22 22   VALUE2  DCW              0x2222
   20 00000036         
   21 00000036 00 00 00000000  AREA             DATA2, DATA, READWRITE
   22 00000000 00000000 
              00000000 RESULT  DCD              0x0, 0x0
   23 00000008         
   24 00000008                 END
Command Line: --debug --xref --apcs=interwork --depend=.\ex31.d -o.\ex31.o -IC:
\Keil\ARM\RV31\INC -IC:\Keil\ARM\CMSIS\Include -IC:\Keil\ARM\Inc\Philips --pred
efine="__EVAL SETA 1" --list=.\ex31.lst ex31.asm



ARM Macro Assembler    Page 1 Alphabetic symbol ordering
Relocatable symbols

ADDITION 00000000

Symbol: ADDITION
   Definitions
      At line 1 in file ex31.asm
   Uses
      None
Comment: ADDITION unused
MASK 0000002C

Symbol: MASK
   Definitions
      At line 16 in file ex31.asm
   Uses
      At line 6 in file ex31.asm
Comment: MASK used once
START 00000000

Symbol: START
   Definitions
      At line 3 in file ex31.asm
   Uses
      None
Comment: START unused
VALUE1 00000030

Symbol: VALUE1
   Definitions
      At line 17 in file ex31.asm
   Uses
      At line 5 in file ex31.asm
Comment: VALUE1 used once
VALUE2 00000034

Symbol: VALUE2
   Definitions
      At line 19 in file ex31.asm
   Uses
      At line 9 in file ex31.asm
Comment: VALUE2 used once
here 00000028

Symbol: here
   Definitions
      At line 14 in file ex31.asm
   Uses
      At line 14 in file ex31.asm
Comment: here used once
6 symbols



ARM Macro Assembler    Page 1 Alphabetic symbol ordering
Relocatable symbols

DATA2 00000000

Symbol: DATA2
   Definitions
      At line 21 in file ex31.asm
   Uses
      None
Comment: DATA2 unused
RESULT 00000000

Symbol: RESULT
   Definitions
      At line 22 in file ex31.asm
   Uses
      At line 12 in file ex31.asm
Comment: RESULT used once
2 symbols
341 symbols in table
