


ARM Macro Assembler    Page 1 


    1 00000000 E0028008 
                       IO0DIR  EQU              0XE0028008
    2 00000000 E0028004 
                       IO0SET  EQU              0XE0028004
    3 00000000 E002800C 
                       IO0CLR  EQU              0XE002800C
    4 00000000         
    5 00000000                 AREA             CHANG,CODE,READONLY
    6 00000000                 EXPORT           __main
    7 00000000         __main
    8 00000000                 ENTRY
    9 00000000 E59F1060        LDR              r1,=IO0DIR
   10 00000004 E59F0060        LDR              r0,=0xF0FF0000
   11 00000008 E5810000        STR              R0,[R1]
   12 0000000C E59F205C        LDR              r2, =IO0SET
   13 00000010 E59F305C        LDR              r3,=IO0CLR
   14 00000014 E5830000 
                       S       STR              R0, [R3]
   15 00000018 E59F1058        LDR              R1,=0X803F0000 ; To display 0 o
                                                            n rightmost segment
                                                            
   16 0000001C E5821000        STR              R1, [R2]
   17 00000020 EB00000C        BL               DELAY
   18 00000024 E5830000        STR              R0, [R3]
   19 00000028 E59F104C        LDR              R1,=0X40060000 ; To display 1 o
                                                            n third segment
   20 0000002C E5821000        STR              R1, [R2]
   21 00000030 EB000008        BL               DELAY
   22 00000034 E5830000        STR              R0, [R3]
   23 00000038 E59F1040        LDR              R1,=0X205B0000 ; To display 2 o
                                                            n second segment
   24 0000003C E5821000        STR              R1, [R2]
   25 00000040 EB000004        BL               DELAY
   26 00000044 E5830000        STR              R0, [R3]
   27 00000048 E59F1034        LDR              R1,=0X104F0000 ; To display 3 o
                                                            n leftmost segment
   28 0000004C E5821000        STR              R1, [R2]
   29 00000050 EB000000        BL               DELAY
   30 00000054 EAFFFFEE        B                S
   31 00000058         DELAY
   32 00000058 E59F5028        LDR              r5, =0x2FF  ; Delay program to 
                                                            retain the bit for 
                                                            some time. SUBS r5,
                                                             r5, #1
   33 0000005C E2555001 
                       delay   SUBS             R5,R5,#1
   34 00000060 1AFFFFFD        BNE              delay
   35 00000064 E12FFF1E        BX               LR
   36 00000068         
   37 00000068                 END
              E0028008 
              F0FF0000 
              E0028004 
              E002800C 
              803F0000 
              40060000 
              205B0000 
              104F0000 
              000002FF 



ARM Macro Assembler    Page 2 


Command Line: --debug --xref --apcs=interwork --depend=.\main.d -o.\main.o -IC:
\Keil\ARM\RV31\INC -IC:\Keil\ARM\CMSIS\Include -IC:\Keil\ARM\Inc\Philips --pred
efine="__EVAL SETA 1" --list=.\main.lst main.s



ARM Macro Assembler    Page 1 Alphabetic symbol ordering
Relocatable symbols

CHANG 00000000

Symbol: CHANG
   Definitions
      At line 5 in file main.s
   Uses
      None
Comment: CHANG unused
DELAY 00000058

Symbol: DELAY
   Definitions
      At line 31 in file main.s
   Uses
      At line 17 in file main.s
      At line 21 in file main.s
      At line 25 in file main.s
      At line 29 in file main.s

S 00000014

Symbol: S
   Definitions
      At line 14 in file main.s
   Uses
      At line 30 in file main.s
Comment: S used once
__main 00000000

Symbol: __main
   Definitions
      At line 7 in file main.s
   Uses
      At line 6 in file main.s
Comment: __main used once
delay 0000005C

Symbol: delay
   Definitions
      At line 33 in file main.s
   Uses
      At line 34 in file main.s
Comment: delay used once
5 symbols



ARM Macro Assembler    Page 1 Alphabetic symbol ordering
Absolute symbols

IO0CLR E002800C

Symbol: IO0CLR
   Definitions
      At line 3 in file main.s
   Uses
      At line 13 in file main.s
Comment: IO0CLR used once
IO0DIR E0028008

Symbol: IO0DIR
   Definitions
      At line 1 in file main.s
   Uses
      At line 9 in file main.s
Comment: IO0DIR used once
IO0SET E0028004

Symbol: IO0SET
   Definitions
      At line 2 in file main.s
   Uses
      At line 12 in file main.s
Comment: IO0SET used once
3 symbols
341 symbols in table
