


ARM Macro Assembler    Page 1 


    1 00000000                 AREA             E31, CODE,READONLY
    2 00000000                 ENTRY
    3 00000000         
    4 00000000 E59F1038        LDR              R1, NUM1
    5 00000004 E59F2038        LDR              R2, NUM2
    6 00000008 E59F0038        LDR              r0,=RES
    7 0000000C E0A13002        ADC              R3,R1,R2
    8 00000010 E4803004        STR              R3,[R0],#4
    9 00000014 E0A13002        ADC              R3, R1, R2
   10 00000018         ;R3-R1+R2+C
   11 00000018 E4803004        STR              R3, [R0],#4
   12 0000001C E0C13002        SBC              R3,R1,R2
   13 00000020 E4803004        STR              R3,[R0],#4
   14 00000024 E0613002        RSB              R3,R1,R2
   15 00000028 E4803004        STR              R3,[R0],#4
   16 0000002C E0E13002        RSC              R3,R1,R2
   17 00000030 E4803004        STR              R3,[R0],#4
   18 00000034 E1C13002        BIC              R3,R1,R2
   19 00000038 E5803000        STR              R3,[R0]
   20 0000003C EAFFFFFE 
                       S       B                S
   21 00000040 F7654321 
                       NUM1    DCD              0XF7654321
   22 00000044 F2345678 
                       NUM2    DCD              0XF2345678
   23 00000048 00000000        AREA             MEMORY,DATA,READWRITE
   24 00000000 00000000 
                       RES     DCD              0
   25 00000004                 END
Command Line: --debug --xref --apcs=interwork --depend=.\exp3_1.d -o.\exp3_1.o 
-IC:\Keil\ARM\RV31\INC -IC:\Keil\ARM\CMSIS\Include -IC:\Keil\ARM\Inc\Philips --
predefine="__EVAL SETA 1" --list=.\exp3_1.lst exp3_1.s



ARM Macro Assembler    Page 1 Alphabetic symbol ordering
Relocatable symbols

E31 00000000

Symbol: E31
   Definitions
      At line 1 in file exp3_1.s
   Uses
      None
Comment: E31 unused
NUM1 00000040

Symbol: NUM1
   Definitions
      At line 21 in file exp3_1.s
   Uses
      At line 4 in file exp3_1.s
Comment: NUM1 used once
NUM2 00000044

Symbol: NUM2
   Definitions
      At line 22 in file exp3_1.s
   Uses
      At line 5 in file exp3_1.s
Comment: NUM2 used once
S 0000003C

Symbol: S
   Definitions
      At line 20 in file exp3_1.s
   Uses
      At line 20 in file exp3_1.s
Comment: S used once
4 symbols



ARM Macro Assembler    Page 1 Alphabetic symbol ordering
Relocatable symbols

MEMORY 00000000

Symbol: MEMORY
   Definitions
      At line 23 in file exp3_1.s
   Uses
      None
Comment: MEMORY unused
RES 00000000

Symbol: RES
   Definitions
      At line 24 in file exp3_1.s
   Uses
      At line 6 in file exp3_1.s
Comment: RES used once
2 symbols
339 symbols in table
