


ARM Macro Assembler    Page 1 


    1 00000000                 AREA             PROGRAM1, CODE, READONLY
    2 00000000                 ENTRY
    3 00000000         
    4 00000000 000000AB 
                       AD1     EQU              0XAB
    5 00000000 000000F7 
                       NUM2    EQU              247
    6 00000000 000000AC 
                       NUM3    EQU              AD1+1
    7 00000000         
    8 00000000 E3A000AB        MOV              R0, #AD1
    9 00000004 E3A010F7        MOV              R1, #NUM2
   10 00000008 E3A020AC        MOV              R2, #NUM3
   11 0000000C         
   12 0000000C E59F0010        LDR              R0, =Q
   13 00000010 E28F3008        ADR              R3, P
   14 00000014 E59F500C        LDR              R5, =R
   15 00000018         
   16 00000018 EAFFFFFE 
                       loop    B                loop
   17 0000001C         
   18 0000001C AABBCCDD 
                       Q       DCD              0xAABBCCDD
   19 00000020 ABCDEF78 
                       P       DCD              0xABCDEF78
   20 00000024         
   21 00000024 00000000 
              00000000         AREA             MEMORY, DATA, READWRITE
   22 00000000 11223344 
                       VALU    DCD              0x11223344
   23 00000004 ABBCCDDE 
                       R       DCD              0xABBCCDDE
   24 00000008 11223344 
                       T       DCD              0x11223344
   25 0000000C         
   26 0000000C 00 00 00 
              00 00 00 
              00 00 00 
              00       RES     DCB              0,0,0,0,0,0,0,0,0,0 
                                                            ; Reserve 10 bytes
   27 00000016         
   28 00000016                 END
Command Line: --debug --xref --apcs=interwork --depend=.\exp2.d -o.\exp2.o -IC:
\Keil\ARM\RV31\INC -IC:\Keil\ARM\CMSIS\Include -IC:\Keil\ARM\Inc\Philips --pred
efine="__EVAL SETA 1" --list=.\exp2.lst exp2.s



ARM Macro Assembler    Page 1 Alphabetic symbol ordering
Relocatable symbols

P 00000020

Symbol: P
   Definitions
      At line 19 in file exp2.s
   Uses
      At line 13 in file exp2.s
Comment: P used once
PROGRAM1 00000000

Symbol: PROGRAM1
   Definitions
      At line 1 in file exp2.s
   Uses
      None
Comment: PROGRAM1 unused
Q 0000001C

Symbol: Q
   Definitions
      At line 18 in file exp2.s
   Uses
      At line 12 in file exp2.s
Comment: Q used once
loop 00000018

Symbol: loop
   Definitions
      At line 16 in file exp2.s
   Uses
      At line 16 in file exp2.s
Comment: loop used once
4 symbols



ARM Macro Assembler    Page 1 Alphabetic symbol ordering
Relocatable symbols

MEMORY 00000000

Symbol: MEMORY
   Definitions
      At line 21 in file exp2.s
   Uses
      None
Comment: MEMORY unused
R 00000004

Symbol: R
   Definitions
      At line 23 in file exp2.s
   Uses
      At line 14 in file exp2.s
Comment: R used once
RES 0000000C

Symbol: RES
   Definitions
      At line 26 in file exp2.s
   Uses
      None
Comment: RES unused
T 00000008

Symbol: T
   Definitions
      At line 24 in file exp2.s
   Uses
      None
Comment: T unused
VALU 00000000

Symbol: VALU
   Definitions
      At line 22 in file exp2.s
   Uses
      None
Comment: VALU unused
5 symbols



ARM Macro Assembler    Page 1 Alphabetic symbol ordering
Absolute symbols

AD1 000000AB

Symbol: AD1
   Definitions
      At line 4 in file exp2.s
   Uses
      At line 6 in file exp2.s
      At line 8 in file exp2.s

NUM2 000000F7

Symbol: NUM2
   Definitions
      At line 5 in file exp2.s
   Uses
      At line 9 in file exp2.s
Comment: NUM2 used once
NUM3 000000AC

Symbol: NUM3
   Definitions
      At line 6 in file exp2.s
   Uses
      At line 10 in file exp2.s
Comment: NUM3 used once
3 symbols
345 symbols in table
